# JRE version: OpenJDK Runtime Environment Temurin-11.0.13+8 (11.0.13+8) (build 11.0.13+8)
# Java VM: OpenJDK 64-Bit Server VM Temurin-11.0.13+8 (11.0.13+8, mixed mode, tiered, compressed oops, g1 gc, windows-amd64)
Heap:
 garbage-first heap   total 98304K, used 39922K [0x00000000a1400000, 0x0000000100000000)
  region size 1024K, 12 young (12288K), 2 survivors (2048K)
 Metaspace       used 80244K, capacity 82305K, committed 82560K, reserved 1122304K
  class space    used 9702K, capacity 10516K, committed 10624K, reserved 1048576K
GC Heap History (20 events):
Event: 28.691 GC heap before
{Heap before GC invocations=19 (full 0):
 garbage-first heap   total 98304K, used 80683K [0x00000000a1400000, 0x0000000100000000)
  region size 1024K, 51 young (52224K), 2 survivors (2048K)
 Metaspace       used 80126K, capacity 82235K, committed 82560K, reserved 1122304K
  class space    used 9688K, capacity 10514K, committed 10624K, reserved 1048576K
}
Event: 28.697 GC heap after
{Heap after GC invocations=20 (full 0):
 garbage-first heap   total 98304K, used 30453K [0x00000000a1400000, 0x0000000100000000)
  region size 1024K, 2 young (2048K), 2 survivors (2048K)
 Metaspace       used 80126K, capacity 82235K, committed 82560K, reserved 1122304K
  class space    used 9688K, capacity 10514K, committed 10624K, reserved 1048576K
}
Event: 30.426 GC heap before
{Heap before GC invocations=20 (full 0):
 garbage-first heap   total 98304K, used 81653K [0x00000000a1400000, 0x0000000100000000)
  region size 1024K, 52 young (53248K), 2 survivors (2048K)
 Metaspace       used 80126K, capacity 82235K, committed 82560K, reserved 1122304K
  class space    used 9688K, capacity 10514K, committed 10624K, reserved 1048576K
}
Event: 30.431 GC heap after
{Heap after GC invocations=21 (full 0):
 garbage-first heap   total 98304K, used 30516K [0x00000000a1400000, 0x0000000100000000)
  region size 1024K, 2 young (2048K), 2 survivors (2048K)
 Metaspace       used 80126K, capacity 82235K, committed 82560K, reserved 1122304K
  class space    used 9688K, capacity 10514K, committed 10624K, reserved 1048576K
}
Event: 32.377 GC heap before
{Heap before GC invocations=21 (full 0):
 garbage-first heap   total 98304K, used 82740K [0x00000000a1400000, 0x0000000100000000)
  region size 1024K, 53 young (54272K), 2 survivors (2048K)
 Metaspace       used 80132K, capacity 82235K, committed 82560K, reserved 1122304K
  class space    used 9688K, capacity 10514K, committed 10624K, reserved 1048576K
}
Event: 32.383 GC heap after
{Heap after GC invocations=22 (full 0):
 garbage-first heap   total 98304K, used 30523K [0x00000000a1400000, 0x0000000100000000)
  region size 1024K, 2 young (2048K), 2 survivors (2048K)
 Metaspace       used 80132K, capacity 82235K, committed 82560K, reserved 1122304K
  class space    used 9688K, capacity 10514K, committed 10624K, reserved 1048576K
}
Event: 33.788 GC heap before
{Heap before GC invocations=22 (full 0):
 garbage-first heap   total 98304K, used 82747K [0x00000000a1400000, 0x0000000100000000)
  region size 1024K, 53 young (54272K), 2 survivors (2048K)
 Metaspace       used 80133K, capacity 82235K, committed 82560K, reserved 1122304K
  class space    used 9688K, capacity 10514K, committed 10624K, reserved 1048576K
}
Event: 33.795 GC heap after
{Heap after GC invocations=23 (full 0):
 garbage-first heap   total 98304K, used 30531K [0x00000000a1400000, 0x0000000100000000)
  region size 1024K, 2 young (2048K), 2 survivors (2048K)
 Metaspace       used 80133K, capacity 82235K, committed 82560K, reserved 1122304K
  class space    used 9688K, capacity 10514K, committed 10624K, reserved 1048576K
}
Event: 35.632 GC heap before
{Heap before GC invocations=23 (full 0):
 garbage-first heap   total 98304K, used 83779K [0x00000000a1400000, 0x0000000100000000)
  region size 1024K, 54 young (55296K), 2 survivors (2048K)
 Metaspace       used 80227K, capacity 82305K, committed 82560K, reserved 1122304K
  class space    used 9700K, capacity 10516K, committed 10624K, reserved 1048576K
}
Event: 35.638 GC heap after
{Heap after GC invocations=24 (full 0):
 garbage-first heap   total 98304K, used 30695K [0x00000000a1400000, 0x0000000100000000)
  region size 1024K, 2 young (2048K), 2 survivors (2048K)
 Metaspace       used 80227K, capacity 82305K, committed 82560K, reserved 1122304K
  class space    used 9700K, capacity 10516K, committed 10624K, reserved 1048576K
}
Event: 37.572 GC heap before
{Heap before GC invocations=24 (full 0):
 garbage-first heap   total 98304K, used 83943K [0x00000000a1400000, 0x0000000100000000)
  region size 1024K, 54 young (55296K), 2 survivors (2048K)
 Metaspace       used 80227K, capacity 82305K, committed 82560K, reserved 1122304K
  class space    used 9700K, capacity 10516K, committed 10624K, reserved 1048576K
}
Event: 37.579 GC heap after
{Heap after GC invocations=25 (full 0):
 garbage-first heap   total 98304K, used 30693K [0x00000000a1400000, 0x0000000100000000)
  region size 1024K, 2 young (2048K), 2 survivors (2048K)
 Metaspace       used 80227K, capacity 82305K, committed 82560K, reserved 1122304K
  class space    used 9700K, capacity 10516K, committed 10624K, reserved 1048576K
}
Event: 39.511 GC heap before
{Heap before GC invocations=25 (full 0):
 garbage-first heap   total 98304K, used 83941K [0x00000000a1400000, 0x0000000100000000)
  region size 1024K, 54 young (55296K), 2 survivors (2048K)
 Metaspace       used 80231K, capacity 82305K, committed 82560K, reserved 1122304K
  class space    used 9700K, capacity 10516K, committed 10624K, reserved 1048576K
}
Event: 39.519 GC heap after
{Heap after GC invocations=26 (full 0):
 garbage-first heap   total 98304K, used 30736K [0x00000000a1400000, 0x0000000100000000)
  region size 1024K, 2 young (2048K), 2 survivors (2048K)
 Metaspace       used 80231K, capacity 82305K, committed 82560K, reserved 1122304K
  class space    used 9700K, capacity 10516K, committed 10624K, reserved 1048576K
}
Event: 41.132 GC heap before
{Heap before GC invocations=26 (full 0):
 garbage-first heap   total 98304K, used 83984K [0x00000000a1400000, 0x0000000100000000)
  region size 1024K, 54 young (55296K), 2 survivors (2048K)
 Metaspace       used 80237K, capacity 82305K, committed 82560K, reserved 1122304K
  class space    used 9700K, capacity 10516K, committed 10624K, reserved 1048576K
}
Event: 41.139 GC heap after
{Heap after GC invocations=27 (full 0):
 garbage-first heap   total 98304K, used 30752K [0x00000000a1400000, 0x0000000100000000)
  region size 1024K, 2 young (2048K), 2 survivors (2048K)
 Metaspace       used 80237K, capacity 82305K, committed 82560K, reserved 1122304K
  class space    used 9700K, capacity 10516K, committed 10624K, reserved 1048576K
}
Event: 42.930 GC heap before
{Heap before GC invocations=27 (full 0):
 garbage-first heap   total 98304K, used 84000K [0x00000000a1400000, 0x0000000100000000)
  region size 1024K, 54 young (55296K), 2 survivors (2048K)
 Metaspace       used 80240K, capacity 82305K, committed 82560K, reserved 1122304K
  class space    used 9701K, capacity 10516K, committed 10624K, reserved 1048576K
}
Event: 42.936 GC heap after
{Heap after GC invocations=28 (full 0):
 garbage-first heap   total 98304K, used 30645K [0x00000000a1400000, 0x0000000100000000)
  region size 1024K, 2 young (2048K), 2 survivors (2048K)
 Metaspace       used 80240K, capacity 82305K, committed 82560K, reserved 1122304K
  class space    used 9701K, capacity 10516K, committed 10624K, reserved 1048576K
}
Event: 44.432 GC heap before
{Heap before GC invocations=28 (full 0):
 garbage-first heap   total 98304K, used 83893K [0x00000000a1400000, 0x0000000100000000)
  region size 1024K, 54 young (55296K), 2 survivors (2048K)
 Metaspace       used 80241K, capacity 82305K, committed 82560K, reserved 1122304K
  class space    used 9701K, capacity 10516K, committed 10624K, reserved 1048576K
}
Event: 44.438 GC heap after
{Heap after GC invocations=29 (full 0):
 garbage-first heap   total 98304K, used 30706K [0x00000000a1400000, 0x0000000100000000)
  region size 1024K, 2 young (2048K), 2 survivors (2048K)
 Metaspace       used 80241K, capacity 82305K, committed 82560K, reserved 1122304K
  class space    used 9701K, capacity 10516K, committed 10624K, reserved 1048576K
}

